{"level":"error","message":"29/10/2022 - POST - CastError: Cast to string failed for value \"{ extractName: 'uuu' }\" (type Object) at path \"user\" for model \"carts\""}
{"level":"error","message":"29/10/2022 - POST - CastError: Cast to string failed for value \"{ extractName: 'uuu' }\" (type Object) at path \"user\" for model \"carts\""}
{"level":"error","message":"29/10/2022 - POST - CastError: Cast to string failed for value \"{ extractName: 'dudade' }\" (type Object) at path \"user\" for model \"carts\""}
{"level":"error","message":"29/10/2022 - POST - CastError: Cast to string failed for value \"{ extractName: 'yori' }\" (type Object) at path \"user\" for model \"carts\""}
{"level":"error","message":"29/10/2022 - POST - CastError: Cast to string failed for value \"{ extractName: 'kkk' }\" (type Object) at path \"user\" for model \"carts\""}
{"level":"error","message":"29/10/2022 - POST - CastError: Cast to string failed for value \"{ extractName: 'alfonso@hotmail.com' }\" (type Object) at path \"user\" for model \"carts\""}
{"level":"error","message":"29/10/2022 - POST - CastError: Cast to string failed for value \"{ extractName: 'alfonso@hotmail.com' }\" (type Object) at path \"user\" for model \"carts\""}
{"level":"error","message":"29/10/2022 - POST - CastError: Cast to string failed for value \"{ extractName: 'alfonso@hotmail.com' }\" (type Object) at path \"user\" for model \"carts\""}
{"level":"error","message":"29/10/2022 - POST - CastError: Cast to string failed for value \"{ extractName: 'alfonso@hotmail.com' }\" (type Object) at path \"user\" for model \"carts\""}
{"level":"error","message":"29/10/2022 - POST - CastError: Cast to string failed for value \"{ extractName: 'alfonso@hotmail.com' }\" (type Object) at path \"user\" for model \"carts\""}
{"level":"error","message":"29/10/2022 - POST - CastError: Cast to string failed for value \"{ realName: 'alfonso@hotmail.com' }\" (type Object) at path \"user\" for model \"carts\""}
{"level":"error","message":"29/10/2022 - POST - CastError: Cast to string failed for value \"{ user: 'alfonso@hotmail.com' }\" (type Object) at path \"user\" for model \"carts\""}
{"level":"error","message":"29/10/2022 - POST - CastError: Cast to ObjectId failed for value \"{ user: 'alfonso@hotmail.com' }\" (type Object) at path \"_id\" for model \"carts\""}
{"level":"error","message":"29/10/2022 - POST - CastError: Cast to ObjectId failed for value \"{ user: 'alfonso@hotmail.com' }\" (type Object) at path \"_id\" for model \"carts\""}
{"level":"error","message":"30/10/2022 - POST - CastError: Cast to Number failed for value \"{}\" (type Object) at path \"product\""}
{"level":"error","message":"30/10/2022 - POST - CastError: Cast to Number failed for value \"{}\" (type Object) at path \"product\""}
{"level":"error","message":"30/10/2022 - POST - CastError: Cast to Number failed for value \"{}\" (type Object) at path \"product\""}
{"level":"error","message":"30/10/2022 - POST - CastError: Cast to Number failed for value \"{}\" (type Object) at path \"product\""}
{"level":"error","message":"30/10/2022 - POST - CastError: Cast to Number failed for value \"{}\" (type Object) at path \"product\""}
{"level":"error","message":"30/10/2022 - POST - CastError: Cast to embedded failed for value \"{ product: {} }\" (type Object) at path \"products\" because of \"CastError\""}
{"level":"error","message":"30/10/2022 - POST - MongooseError: Callback must be a function, got true"}
{"level":"error","message":"30/10/2022 - POST - Error: Query filter must be an object, got an array "}
{"level":"error","message":"30/10/2022 - POST - Error: Query filter must be an object, got an array "}
{"level":"error","message":"30/10/2022 - POST - Error: Query filter must be an object, got an array "}
{"level":"error","message":"30/10/2022 - POST - ReferenceError: location is not defined"}
{"level":"error","message":"30/10/2022 - POST - ReferenceError: location is not defined"}
{"level":"error","message":"30/10/2022 - POST - ReferenceError: location is not defined"}
{"level":"error","message":"30/10/2022 - POST - ReferenceError: location is not defined"}
{"level":"error","message":"28/11/2022 - POST - ValidationError: user: Cast to string failed for value \"{ user: 'TESTGRAPHQL' }\" (type Object) at path \"user\""}
